133
PAINT_LINE 1 64 9 64
PAINT_LINE 1 65 9 65
PAINT_LINE 1 66 9 66
PAINT_LINE 4 59 12 59
PAINT_LINE 4 60 11 60
PAINT_LINE 4 61 11 61
PAINT_LINE 2 2 8 2
PAINT_LINE 3 1 7 1
PAINT_LINE 5 16 9 16
PAINT_LINE 5 22 9 22
PAINT_LINE 5 23 9 23
PAINT_LINE 5 31 9 31
PAINT_LINE 5 37 9 37
PAINT_LINE 5 45 9 45
PAINT_LINE 5 46 9 46
PAINT_LINE 5 51 9 51
PAINT_LINE 5 70 9 70
PAINT_LINE 5 17 8 17
PAINT_LINE 5 32 8 32
PAINT_LINE 5 36 8 36
PAINT_LINE 5 69 8 69
PAINT_LINE 2 3 4 3
PAINT_LINE 4 0 6 0
PAINT_LINE 4 30 6 30
PAINT_LINE 4 38 6 38
PAINT_LINE 4 52 6 52
PAINT_LINE 4 75 6 75
PAINT_LINE 4 76 6 76
PAINT_LINE 5 18 7 18
PAINT_LINE 6 21 8 21
PAINT_LINE 6 47 8 47
PAINT_LINE 6 50 8 50
PAINT_LINE 6 68 8 68
PAINT_LINE 7 71 9 71
PAINT_LINE 0 8 1 8
PAINT_LINE 0 9 1 9
PAINT_LINE 0 10 1 10
PAINT_LINE 0 11 1 11
PAINT_LINE 0 12 1 12
PAINT_LINE 1 4 2 4
PAINT_LINE 1 5 2 5
PAINT_LINE 1 14 2 14
PAINT_LINE 1 15 2 15
PAINT_LINE 4 24 5 24
PAINT_LINE 4 25 5 25
PAINT_LINE 4 29 5 29
PAINT_LINE 4 39 5 39
PAINT_LINE 4 43 5 43
PAINT_LINE 4 44 5 44
PAINT_LINE 4 53 5 53
PAINT_LINE 4 54 5 54
PAINT_LINE 4 57 5 57
PAINT_LINE 4 58 5 58
PAINT_LINE 4 71 5 71
PAINT_LINE 4 72 5 72
PAINT_LINE 5 19 6 19
PAINT_LINE 5 77 6 77
PAINT_LINE 5 78 6 78
PAINT_LINE 6 33 7 33
PAINT_LINE 6 35 7 35
PAINT_LINE 6 74 7 74
PAINT_LINE 7 3 8 3
PAINT_LINE 8 4 9 4
PAINT_LINE 8 5 9 5
PAINT_LINE 8 14 9 14
PAINT_LINE 8 15 9 15
PAINT_LINE 8 24 9 24
PAINT_LINE 8 30 9 30
PAINT_LINE 8 38 9 38
PAINT_LINE 8 44 9 44
PAINT_LINE 8 52 9 52
PAINT_LINE 8 77 9 77
PAINT_LINE 11 51 12 51
PAINT_LINE 11 52 12 52
PAINT_LINE 11 58 12 58
PAINT_LINE 12 54 13 54
PAINT_LINE 12 55 13 55
PAINT_LINE 12 56 13 56
PAINT_LINE 1 6 1 6
PAINT_LINE 1 7 1 7
PAINT_LINE 1 13 1 13
PAINT_LINE 4 26 4 26
PAINT_LINE 4 27 4 27
PAINT_LINE 4 28 4 28
PAINT_LINE 4 40 4 40
PAINT_LINE 4 41 4 41
PAINT_LINE 4 42 4 42
PAINT_LINE 4 55 4 55
PAINT_LINE 4 56 4 56
PAINT_LINE 4 73 4 73
PAINT_LINE 4 74 4 74
PAINT_LINE 5 10 5 10
PAINT_LINE 5 11 5 11
PAINT_LINE 5 12 5 12
PAINT_LINE 5 13 5 13
PAINT_LINE 5 14 5 14
PAINT_LINE 5 15 5 15
PAINT_LINE 6 79 6 79
PAINT_LINE 7 72 7 72
PAINT_LINE 7 73 7 73
PAINT_LINE 9 6 9 6
PAINT_LINE 9 7 9 7
PAINT_LINE 9 8 9 8
PAINT_LINE 9 9 9 9
PAINT_LINE 9 10 9 10
PAINT_LINE 9 11 9 11
PAINT_LINE 9 12 9 12
PAINT_LINE 9 13 9 13
PAINT_LINE 9 25 9 25
PAINT_LINE 9 26 9 26
PAINT_LINE 9 27 9 27
PAINT_LINE 9 28 9 28
PAINT_LINE 9 29 9 29
PAINT_LINE 9 39 9 39
PAINT_LINE 9 40 9 40
PAINT_LINE 9 41 9 41
PAINT_LINE 9 42 9 42
PAINT_LINE 9 43 9 43
PAINT_LINE 9 53 9 53
PAINT_LINE 9 54 9 54
PAINT_LINE 9 55 9 55
PAINT_LINE 9 56 9 56
PAINT_LINE 9 57 9 57
PAINT_LINE 9 58 9 58
PAINT_LINE 9 72 9 72
PAINT_LINE 9 73 9 73
PAINT_LINE 9 74 9 74
PAINT_LINE 9 75 9 75
PAINT_LINE 9 76 9 76
PAINT_LINE 9 78 9 78
PAINT_LINE 11 50 11 50
PAINT_LINE 12 53 12 53
PAINT_LINE 12 57 12 57
