101
PAINT_SQUARE 20 32 11
PAINT_SQUARE 15 123 6
PAINT_SQUARE 15 130 6
PAINT_SQUARE 15 137 6
PAINT_SQUARE 10 161 5
PAINT_SQUARE 14 144 5
PAINT_SQUARE 16 161 5
PAINT_SQUARE 18 69 5
PAINT_SQUARE 18 75 5
PAINT_SQUARE 18 81 5
PAINT_SQUARE 19 101 5
PAINT_SQUARE 19 107 5
PAINT_SQUARE 20 144 4
PAINT_SQUARE 25 144 4
PAINT_LINE 25 4 25 63
PAINT_LINE 26 4 26 63
PAINT_LINE 11 5 11 58
PAINT_SQUARE 17 113 3
PAINT_SQUARE 28 44 3
PAINT_SQUARE 28 48 3
PAINT_SQUARE 28 52 3
PAINT_SQUARE 28 56 3
PAINT_SQUARE 28 60 3
PAINT_LINE 27 20 27 63
PAINT_LINE 9 16 9 57
PAINT_LINE 10 17 10 58
PAINT_LINE 18 51 18 87
PAINT_LINE 19 51 19 87
PAINT_LINE 21 113 21 149
PAINT_LINE 17 52 17 87
PAINT_LINE 20 52 20 87
PAINT_LINE 23 10 23 43
PAINT_LINE 24 10 24 43
PAINT_LINE 22 11 22 43
PAINT_LINE 25 123 25 149
PAINT_LINE 26 123 26 149
PAINT_LINE 27 123 27 149
PAINT_LINE 28 123 28 149
PAINT_LINE 29 123 29 149
PAINT_SQUARE 15 176 2
PAINT_SQUARE 15 179 2
PAINT_SQUARE 15 182 2
PAINT_SQUARE 15 185 2
PAINT_SQUARE 15 188 2
PAINT_SQUARE 22 113 2
PAINT_SQUARE 22 158 2
PAINT_SQUARE 22 161 2
PAINT_SQUARE 22 164 2
PAINT_SQUARE 27 175 2
PAINT_SQUARE 27 178 2
PAINT_SQUARE 27 181 2
PAINT_SQUARE 27 184 2
PAINT_SQUARE 27 187 2
PAINT_LINE 24 63 24 87
PAINT_LINE 29 169 29 190
PAINT_LINE 14 173 14 190
PAINT_LINE 15 173 15 190
PAINT_LINE 16 173 16 190
PAINT_LINE 17 173 17 190
PAINT_LINE 18 173 18 190
PAINT_LINE 12 44 12 58
PAINT_LINE 13 44 13 57
PAINT_LINE 7 183 7 194
PAINT_LINE 13 87 24 87
PAINT_LINE 20 149 29 149
PAINT_SQUARE 6 14 1
PAINT_SQUARE 6 188 1
PAINT_SQUARE 6 190 1
PAINT_SQUARE 6 192 1
PAINT_SQUARE 10 6 1
PAINT_SQUARE 25 110 1
PAINT_SQUARE 26 190 1
PAINT_SQUARE 27 110 1
PAINT_SQUARE 30 114 1
PAINT_SQUARE 30 170 1
PAINT_SQUARE 32 170 1
PAINT_SQUARE 34 170 1
PAINT_LINE 8 75 8 83
PAINT_LINE 12 9 12 16
PAINT_LINE 27 105 27 112
PAINT_LINE 28 105 28 112
PAINT_LINE 7 76 7 82
PAINT_LINE 30 172 36 172
PAINT_LINE 5 16 9 16
PAINT_LINE 12 91 12 95
PAINT_LINE 8 13 8 16
PAINT_LINE 8 183 8 186
PAINT_LINE 13 5 13 8
PAINT_LINE 14 5 14 8
PAINT_LINE 25 112 28 112
PAINT_LINE 29 116 32 116
PAINT_LINE 32 113 32 116
PAINT_LINE 36 169 36 172
PAINT_LINE 5 194 7 194
PAINT_LINE 9 8 11 8
PAINT_LINE 11 92 11 94
PAINT_LINE 13 11 13 12
PAINT_LINE 13 93 13 94
PAINT_LINE 22 116 23 116
PAINT_LINE 28 190 28 191
PAINT_LINE 33 173 34 173
