285
PAINT_SQUARE 20 32 11
PAINT_SQUARE 15 123 6
PAINT_SQUARE 15 130 6
PAINT_SQUARE 15 137 6
PAINT_SQUARE 10 161 5
PAINT_SQUARE 14 144 5
PAINT_SQUARE 16 161 5
PAINT_SQUARE 18 69 5
PAINT_SQUARE 18 75 5
PAINT_SQUARE 18 81 5
PAINT_SQUARE 19 101 5
PAINT_SQUARE 19 107 5
PAINT_SQUARE 20 144 4
PAINT_SQUARE 25 144 4
PAINT_SQUARE 17 113 3
PAINT_SQUARE 28 44 3
PAINT_SQUARE 28 48 3
PAINT_SQUARE 28 52 3
PAINT_SQUARE 28 56 3
PAINT_SQUARE 28 60 3
PAINT_SQUARE 11 44 2
PAINT_SQUARE 11 47 2
PAINT_SQUARE 11 50 2
PAINT_SQUARE 11 53 2
PAINT_SQUARE 15 176 2
PAINT_SQUARE 15 179 2
PAINT_SQUARE 15 182 2
PAINT_SQUARE 15 185 2
PAINT_SQUARE 15 188 2
PAINT_SQUARE 21 113 2
PAINT_SQUARE 22 158 2
PAINT_SQUARE 22 161 2
PAINT_SQUARE 22 164 2
PAINT_SQUARE 24 13 2
PAINT_SQUARE 24 16 2
PAINT_SQUARE 24 19 2
PAINT_SQUARE 27 125 2
PAINT_SQUARE 27 128 2
PAINT_SQUARE 27 131 2
PAINT_SQUARE 27 134 2
PAINT_SQUARE 27 137 2
PAINT_SQUARE 27 175 2
PAINT_SQUARE 27 178 2
PAINT_SQUARE 27 181 2
PAINT_SQUARE 27 184 2
PAINT_SQUARE 27 187 2
PAINT_SQUARE 6 14 1
PAINT_SQUARE 6 188 1
PAINT_SQUARE 6 190 1
PAINT_SQUARE 6 192 1
PAINT_SQUARE 10 6 1
PAINT_SQUARE 10 18 1
PAINT_SQUARE 10 20 1
PAINT_SQUARE 10 56 1
PAINT_SQUARE 12 56 1
PAINT_SQUARE 18 53 1
PAINT_SQUARE 18 55 1
PAINT_SQUARE 18 57 1
PAINT_SQUARE 18 59 1
PAINT_SQUARE 18 61 1
PAINT_SQUARE 18 63 1
PAINT_SQUARE 25 110 1
PAINT_SQUARE 26 190 1
PAINT_SQUARE 27 110 1
PAINT_SQUARE 30 114 1
PAINT_SQUARE 30 170 1
PAINT_SQUARE 32 170 1
PAINT_SQUARE 34 170 1
PAINT_SQUARE 5 16 0
PAINT_SQUARE 5 194 0
PAINT_SQUARE 6 16 0
PAINT_SQUARE 6 194 0
PAINT_SQUARE 7 16 0
PAINT_SQUARE 7 76 0
PAINT_SQUARE 7 77 0
PAINT_SQUARE 7 78 0
PAINT_SQUARE 7 79 0
PAINT_SQUARE 7 80 0
PAINT_SQUARE 7 81 0
PAINT_SQUARE 7 82 0
PAINT_SQUARE 7 183 0
PAINT_SQUARE 7 184 0
PAINT_SQUARE 7 185 0
PAINT_SQUARE 7 186 0
PAINT_SQUARE 7 194 0
PAINT_SQUARE 8 13 0
PAINT_SQUARE 8 14 0
PAINT_SQUARE 8 15 0
PAINT_SQUARE 8 16 0
PAINT_SQUARE 8 75 0
PAINT_SQUARE 8 76 0
PAINT_SQUARE 8 77 0
PAINT_SQUARE 8 78 0
PAINT_SQUARE 8 79 0
PAINT_SQUARE 8 80 0
PAINT_SQUARE 8 81 0
PAINT_SQUARE 8 82 0
PAINT_SQUARE 8 83 0
PAINT_SQUARE 8 183 0
PAINT_SQUARE 8 184 0
PAINT_SQUARE 8 185 0
PAINT_SQUARE 8 186 0
PAINT_SQUARE 9 8 0
PAINT_SQUARE 9 16 0
PAINT_SQUARE 10 8 0
PAINT_SQUARE 10 58 0
PAINT_SQUARE 11 8 0
PAINT_SQUARE 11 9 0
PAINT_SQUARE 11 10 0
PAINT_SQUARE 11 11 0
PAINT_SQUARE 11 12 0
PAINT_SQUARE 11 13 0
PAINT_SQUARE 11 14 0
PAINT_SQUARE 11 15 0
PAINT_SQUARE 11 16 0
PAINT_SQUARE 11 58 0
PAINT_SQUARE 11 92 0
PAINT_SQUARE 11 93 0
PAINT_SQUARE 11 94 0
PAINT_SQUARE 12 9 0
PAINT_SQUARE 12 10 0
PAINT_SQUARE 12 11 0
PAINT_SQUARE 12 12 0
PAINT_SQUARE 12 13 0
PAINT_SQUARE 12 14 0
PAINT_SQUARE 12 15 0
PAINT_SQUARE 12 16 0
PAINT_SQUARE 12 58 0
PAINT_SQUARE 12 91 0
PAINT_SQUARE 12 92 0
PAINT_SQUARE 12 93 0
PAINT_SQUARE 12 94 0
PAINT_SQUARE 12 95 0
PAINT_SQUARE 13 5 0
PAINT_SQUARE 13 6 0
PAINT_SQUARE 13 7 0
PAINT_SQUARE 13 8 0
PAINT_SQUARE 13 11 0
PAINT_SQUARE 13 12 0
PAINT_SQUARE 13 87 0
PAINT_SQUARE 13 93 0
PAINT_SQUARE 13 94 0
PAINT_SQUARE 14 5 0
PAINT_SQUARE 14 6 0
PAINT_SQUARE 14 7 0
PAINT_SQUARE 14 8 0
PAINT_SQUARE 14 87 0
PAINT_SQUARE 14 173 0
PAINT_SQUARE 15 87 0
PAINT_SQUARE 15 173 0
PAINT_SQUARE 16 87 0
PAINT_SQUARE 16 173 0
PAINT_SQUARE 17 87 0
PAINT_SQUARE 17 173 0
PAINT_SQUARE 18 51 0
PAINT_SQUARE 18 87 0
PAINT_SQUARE 18 173 0
PAINT_SQUARE 18 174 0
PAINT_SQUARE 18 175 0
PAINT_SQUARE 18 176 0
PAINT_SQUARE 18 177 0
PAINT_SQUARE 18 178 0
PAINT_SQUARE 18 179 0
PAINT_SQUARE 18 180 0
PAINT_SQUARE 18 181 0
PAINT_SQUARE 18 182 0
PAINT_SQUARE 18 183 0
PAINT_SQUARE 18 184 0
PAINT_SQUARE 18 185 0
PAINT_SQUARE 18 186 0
PAINT_SQUARE 18 187 0
PAINT_SQUARE 18 188 0
PAINT_SQUARE 18 189 0
PAINT_SQUARE 18 190 0
PAINT_SQUARE 19 51 0
PAINT_SQUARE 19 87 0
PAINT_SQUARE 20 52 0
PAINT_SQUARE 20 53 0
PAINT_SQUARE 20 54 0
PAINT_SQUARE 20 55 0
PAINT_SQUARE 20 56 0
PAINT_SQUARE 20 57 0
PAINT_SQUARE 20 58 0
PAINT_SQUARE 20 59 0
PAINT_SQUARE 20 60 0
PAINT_SQUARE 20 61 0
PAINT_SQUARE 20 62 0
PAINT_SQUARE 20 63 0
PAINT_SQUARE 20 87 0
PAINT_SQUARE 20 149 0
PAINT_SQUARE 21 87 0
PAINT_SQUARE 21 116 0
PAINT_SQUARE 21 149 0
PAINT_SQUARE 22 87 0
PAINT_SQUARE 22 116 0
PAINT_SQUARE 22 149 0
PAINT_SQUARE 23 10 0
PAINT_SQUARE 23 87 0
PAINT_SQUARE 23 116 0
PAINT_SQUARE 23 149 0
PAINT_SQUARE 24 10 0
PAINT_SQUARE 24 63 0
PAINT_SQUARE 24 64 0
PAINT_SQUARE 24 65 0
PAINT_SQUARE 24 66 0
PAINT_SQUARE 24 67 0
PAINT_SQUARE 24 68 0
PAINT_SQUARE 24 69 0
PAINT_SQUARE 24 70 0
PAINT_SQUARE 24 71 0
PAINT_SQUARE 24 72 0
PAINT_SQUARE 24 73 0
PAINT_SQUARE 24 74 0
PAINT_SQUARE 24 75 0
PAINT_SQUARE 24 76 0
PAINT_SQUARE 24 77 0
PAINT_SQUARE 24 78 0
PAINT_SQUARE 24 79 0
PAINT_SQUARE 24 80 0
PAINT_SQUARE 24 81 0
PAINT_SQUARE 24 82 0
PAINT_SQUARE 24 83 0
PAINT_SQUARE 24 84 0
PAINT_SQUARE 24 85 0
PAINT_SQUARE 24 86 0
PAINT_SQUARE 24 87 0
PAINT_SQUARE 24 113 0
PAINT_SQUARE 24 114 0
PAINT_SQUARE 24 115 0
PAINT_SQUARE 24 149 0
PAINT_SQUARE 25 4 0
PAINT_SQUARE 25 5 0
PAINT_SQUARE 25 6 0
PAINT_SQUARE 25 7 0
PAINT_SQUARE 25 8 0
PAINT_SQUARE 25 9 0
PAINT_SQUARE 25 10 0
PAINT_SQUARE 25 112 0
PAINT_SQUARE 25 149 0
PAINT_SQUARE 26 4 0
PAINT_SQUARE 26 5 0
PAINT_SQUARE 26 6 0
PAINT_SQUARE 26 7 0
PAINT_SQUARE 26 8 0
PAINT_SQUARE 26 9 0
PAINT_SQUARE 26 10 0
PAINT_SQUARE 26 112 0
PAINT_SQUARE 26 149 0
PAINT_SQUARE 27 20 0
PAINT_SQUARE 27 105 0
PAINT_SQUARE 27 106 0
PAINT_SQUARE 27 107 0
PAINT_SQUARE 27 108 0
PAINT_SQUARE 27 112 0
PAINT_SQUARE 27 149 0
PAINT_SQUARE 28 105 0
PAINT_SQUARE 28 106 0
PAINT_SQUARE 28 107 0
PAINT_SQUARE 28 108 0
PAINT_SQUARE 28 112 0
PAINT_SQUARE 28 149 0
PAINT_SQUARE 28 190 0
PAINT_SQUARE 28 191 0
PAINT_SQUARE 29 116 0
PAINT_SQUARE 29 149 0
PAINT_SQUARE 29 172 0
PAINT_SQUARE 29 190 0
PAINT_SQUARE 30 116 0
PAINT_SQUARE 30 172 0
PAINT_SQUARE 31 116 0
PAINT_SQUARE 31 172 0
PAINT_SQUARE 32 113 0
PAINT_SQUARE 32 114 0
PAINT_SQUARE 32 115 0
PAINT_SQUARE 32 116 0
PAINT_SQUARE 32 172 0
PAINT_SQUARE 33 172 0
PAINT_SQUARE 33 173 0
PAINT_SQUARE 34 172 0
PAINT_SQUARE 34 173 0
PAINT_SQUARE 35 172 0
PAINT_SQUARE 36 169 0
PAINT_SQUARE 36 170 0
PAINT_SQUARE 36 171 0
PAINT_SQUARE 36 172 0
