96
PAINT_SQUARE 20 32 11
PAINT_SQUARE 15 123 6
PAINT_SQUARE 15 130 6
PAINT_SQUARE 15 137 6
PAINT_SQUARE 10 161 5
PAINT_SQUARE 14 144 5
PAINT_SQUARE 16 161 5
PAINT_SQUARE 18 69 5
PAINT_SQUARE 18 75 5
PAINT_SQUARE 18 81 5
PAINT_SQUARE 19 101 5
PAINT_SQUARE 19 107 5
PAINT_SQUARE 20 144 4
PAINT_SQUARE 25 144 4
PAINT_LINE 25 4 25 63
PAINT_LINE 26 4 26 63
PAINT_LINE 11 5 11 58
PAINT_LINE 27 20 27 63
PAINT_LINE 9 16 9 57
PAINT_LINE 10 17 10 58
PAINT_LINE 14 113 14 149
PAINT_LINE 15 113 15 149
PAINT_LINE 16 113 16 149
PAINT_LINE 17 113 17 149
PAINT_LINE 18 51 18 87
PAINT_LINE 18 113 18 149
PAINT_LINE 19 51 19 87
PAINT_LINE 19 113 19 149
PAINT_LINE 20 113 20 149
PAINT_LINE 21 113 21 149
PAINT_SQUARE 28 44 3
PAINT_SQUARE 28 48 3
PAINT_SQUARE 28 52 3
PAINT_SQUARE 28 56 3
PAINT_SQUARE 28 60 3
PAINT_LINE 17 52 17 87
PAINT_LINE 20 52 20 87
PAINT_LINE 23 10 23 43
PAINT_LINE 24 10 24 43
PAINT_LINE 22 11 22 43
PAINT_LINE 25 123 25 149
PAINT_LINE 26 123 26 149
PAINT_LINE 27 123 27 149
PAINT_LINE 28 123 28 149
PAINT_LINE 29 123 29 149
PAINT_LINE 24 63 24 87
PAINT_LINE 29 169 29 190
PAINT_LINE 25 173 25 191
PAINT_LINE 26 173 26 191
PAINT_LINE 27 173 27 191
PAINT_LINE 28 173 28 191
PAINT_LINE 14 173 14 190
PAINT_LINE 15 173 15 190
PAINT_LINE 16 173 16 190
PAINT_LINE 17 173 17 190
PAINT_LINE 18 173 18 190
PAINT_LINE 13 174 13 190
PAINT_SQUARE 22 113 2
PAINT_SQUARE 22 158 2
PAINT_SQUARE 22 161 2
PAINT_SQUARE 22 164 2
PAINT_LINE 12 44 12 58
PAINT_LINE 13 44 13 57
PAINT_LINE 7 183 7 194
PAINT_LINE 13 87 24 87
PAINT_LINE 8 75 8 83
PAINT_LINE 5 187 5 194
PAINT_LINE 6 187 6 194
PAINT_LINE 12 9 12 16
PAINT_LINE 22 149 29 149
PAINT_LINE 27 105 27 112
PAINT_LINE 28 105 28 112
PAINT_LINE 7 76 7 82
PAINT_LINE 30 169 36 169
PAINT_LINE 30 170 36 170
PAINT_LINE 30 171 36 171
PAINT_LINE 30 172 36 172
PAINT_LINE 5 16 9 16
PAINT_LINE 12 91 12 95
PAINT_SQUARE 6 14 1
PAINT_SQUARE 10 6 1
PAINT_SQUARE 25 110 1
PAINT_SQUARE 30 114 1
PAINT_LINE 8 13 8 16
PAINT_LINE 8 183 8 186
PAINT_LINE 13 5 13 8
PAINT_LINE 14 5 14 8
PAINT_LINE 25 112 28 112
PAINT_LINE 29 116 32 116
PAINT_LINE 32 113 32 116
PAINT_LINE 9 8 11 8
PAINT_LINE 11 92 11 94
PAINT_LINE 13 11 13 12
PAINT_LINE 13 93 13 94
PAINT_LINE 22 116 23 116
PAINT_LINE 33 173 34 173
